[0m14:24:35.053588 [debug] [MainThread]: Sending event: {'category': 'dbt', 'action': 'invocation', 'label': 'start', 'context': [<snowplow_tracker.self_describing_json.SelfDescribingJson object at 0x7b9fb8a49460>, <snowplow_tracker.self_describing_json.SelfDescribingJson object at 0x7b9fbafb6a20>, <snowplow_tracker.self_describing_json.SelfDescribingJson object at 0x7b9fb8db7980>]}


============================== 14:24:35.237410 | 9bf6881d-e528-4924-b18f-cbde86a713bc ==============================
[0m14:24:35.237410 [info ] [MainThread]: Running with dbt=1.11.10
[0m14:24:35.241133 [debug] [MainThread]: running dbt with arguments {'static_parser': 'True', 'log_cache_events': 'False', 'log_format': 'default', 'indirect_selection': 'eager', 'send_anonymous_usage_stats': 'True', 'use_colors': 'True', 'introspect': 'True', 'profiles_dir': '/home/bibba/.dbt', 'log_path': 'logs', 'quiet': 'False', 'debug': 'False', 'invocation_command': 'dbt init kitchensync', 'partial_parse': 'True', 'printer_width': '80', 'version_check': 'True', 'fail_fast': 'False', 'empty': 'None', 'warn_error': 'None', 'write_json': 'True', 'warn_error_options': 'WarnErrorOptionsV2(error=[], warn=[], silence=[])', 'cache_selected_only': 'False', 'no_print': 'None', 'target_path': 'None', 'use_experimental_parser': 'False'}
[0m14:24:36.666398 [debug] [MainThread]: Starter project path: /mnt/c/users/bibba/code/kitchensync/.venv/lib/python3.12/site-packages/dbt/include/starter_project
[0m14:24:37.359456 [info ] [MainThread]: 
Your new dbt project "kitchensync" was created!

For more information on how to configure the profiles.yml file,
please consult the dbt documentation here:

  https://docs.getdbt.com/docs/configure-your-profile

One more thing:

Need help? Don't hesitate to reach out to us via GitHub issues or on Slack:

  https://community.getdbt.com/

Happy modeling!

[0m14:24:37.362170 [info ] [MainThread]: Setting up your profile.
[0m14:25:17.881471 [debug] [MainThread]: Snowflake adapter: Setting snowflake.connector to ERROR (file logging only)
[0m14:25:17.883064 [debug] [MainThread]: Snowflake adapter: Setting botocore to ERROR (file logging only)
[0m14:25:17.884355 [debug] [MainThread]: Snowflake adapter: Setting boto3 to ERROR (file logging only)
[0m14:26:11.130573 [info ] [MainThread]: Profile kitchensync written to /home/bibba/.dbt/profiles.yml using target's profile_template.yml and your supplied values. Run 'dbt debug' to validate the connection.
[0m14:26:11.137904 [debug] [MainThread]: Resource report: {"command_name": "init", "command_success": true, "command_wall_clock_time": 96.258, "process_in_blocks": "34552", "process_kernel_time": 3.25837, "process_mem_max_rss": "138064", "process_out_blocks": "8", "process_user_time": 5.101448}
[0m14:26:11.140181 [debug] [MainThread]: Command `dbt init` succeeded at 14:26:11.140036 after 96.26 seconds
[0m14:26:11.141584 [debug] [MainThread]: Sending event: {'category': 'dbt', 'action': 'invocation', 'label': 'end', 'context': [<snowplow_tracker.self_describing_json.SelfDescribingJson object at 0x7b9fbc3b32f0>, <snowplow_tracker.self_describing_json.SelfDescribingJson object at 0x7b9fb789c350>, <snowplow_tracker.self_describing_json.SelfDescribingJson object at 0x7b9fb7c49d60>]}
[0m14:26:11.142887 [debug] [MainThread]: Flushing usage events
[0m14:26:11.595814 [debug] [MainThread]: An error was encountered while trying to flush usage events
[0m16:51:10.624339 [debug] [MainThread]: Sending event: {'category': 'dbt', 'action': 'invocation', 'label': 'start', 'context': [<snowplow_tracker.self_describing_json.SelfDescribingJson object at 0x7ff8b3c77f80>, <snowplow_tracker.self_describing_json.SelfDescribingJson object at 0x7ff8b2f19070>, <snowplow_tracker.self_describing_json.SelfDescribingJson object at 0x7ff8b3f2b710>]}


============================== 16:51:10.643928 | a60169bc-d2fc-4421-ae3d-a30e2ab0f1ac ==============================
[0m16:51:10.643928 [info ] [MainThread]: Running with dbt=1.11.11
[0m16:51:10.645745 [debug] [MainThread]: running dbt with arguments {'quiet': 'False', 'target_path': 'None', 'use_colors': 'True', 'write_json': 'True', 'profiles_dir': '/home/bibba/.dbt', 'version_check': 'True', 'introspect': 'True', 'static_parser': 'True', 'warn_error_options': 'WarnErrorOptionsV2(error=[], warn=[], silence=[])', 'indirect_selection': 'eager', 'cache_selected_only': 'False', 'log_format': 'default', 'send_anonymous_usage_stats': 'True', 'no_print': 'None', 'log_cache_events': 'False', 'partial_parse': 'True', 'printer_width': '80', 'invocation_command': 'dbt seed', 'warn_error': 'None', 'debug': 'False', 'log_path': 'logs', 'fail_fast': 'False', 'use_experimental_parser': 'False', 'empty': 'None'}
[0m16:51:10.647936 [error] [MainThread]: Encountered an error:
Runtime Error
  No dbt_project.yml found at expected path /mnt/c/users/bibba/code/kitchensync/dbt_project.yml
  Verify that each entry within packages.yml (and their transitive dependencies) contains a file named dbt_project.yml
  
[0m16:51:10.654549 [debug] [MainThread]: Resource report: {"command_name": "seed", "command_success": false, "command_wall_clock_time": 0.1430819, "process_in_blocks": "9512", "process_kernel_time": 1.176455, "process_mem_max_rss": "102388", "process_out_blocks": "0", "process_user_time": 2.25098}
[0m16:51:10.656006 [debug] [MainThread]: Command `dbt seed` failed at 16:51:10.655861 after 0.14 seconds
[0m16:51:10.657323 [debug] [MainThread]: Sending event: {'category': 'dbt', 'action': 'invocation', 'label': 'end', 'context': [<snowplow_tracker.self_describing_json.SelfDescribingJson object at 0x7ff8b12d5400>, <snowplow_tracker.self_describing_json.SelfDescribingJson object at 0x7ff8b24bd580>, <snowplow_tracker.self_describing_json.SelfDescribingJson object at 0x7ff8b24bc170>]}
[0m16:51:10.658578 [debug] [MainThread]: Flushing usage events
[0m16:51:11.134030 [debug] [MainThread]: An error was encountered while trying to flush usage events
