Connecting to Snowflake...
[store_012] Extracting from Neon...
[store_012] Loaded 13142 rows into Snowflake.
[store_027] Extracting from Neon...
[store_027] Loaded 4481 rows into Snowflake.
[store_034] Extracting from Neon...
[store_034] Loaded 7418 rows into Snowflake.
[store_056] Extracting from Neon...
[store_056] Loaded 12920 rows into Snowflake.
[store_061] Extracting from Neon...
[store_061] Loaded 2614 rows into Snowflake.
[store_078] Extracting from Neon...
[store_078] Loaded 6980 rows into Snowflake.
[store_091] Extracting from Neon...
[store_091] Loaded 12758 rows into Snowflake.
[store_103] Extracting from Neon...
[store_103] Loaded 4477 rows into Snowflake.
[store_115] Extracting from Neon...
[store_115] Loaded 7414 rows into Snowflake.
[store_128] Extracting from Neon...
[store_128] Loaded 2706 rows into Snowflake.
[store_134] Extracting from Neon...
[store_134] Loaded 6987 rows into Snowflake.
[store_147] Extracting from Neon...
[store_147] Loaded 12910 rows into Snowflake.
[store_012] Extracting from Neon...
[store_012] Loaded 3216 rows into Snowflake.
[store_027] Extracting from Neon...
[store_027] Loaded 2491 rows into Snowflake.
[store_034] Extracting from Neon...
[store_034] Loaded 3293 rows into Snowflake.
[store_056] Extracting from Neon...
[store_056] Loaded 3283 rows into Snowflake.
[store_061] Extracting from Neon...
[store_061] Loaded 2490 rows into Snowflake.
[store_078] Extracting from Neon...
[store_078] Loaded 2414 rows into Snowflake.
[store_091] Extracting from Neon...
[store_091] Loaded 3390 rows into Snowflake.
[store_103] Extracting from Neon...
[store_103] Loaded 2482 rows into Snowflake.
[store_115] Extracting from Neon...
[store_115] Loaded 3247 rows into Snowflake.
[store_128] Extracting from Neon...
[store_128] Loaded 2483 rows into Snowflake.
[store_134] Extracting from Neon...
[store_134] Loaded 2434 rows into Snowflake.
[store_147] Extracting from Neon...
[store_147] Loaded 3079 rows into Snowflake.
[store_012] Extracting from Neon...
[store_012] Loaded 858 rows into Snowflake.
[store_027] Extracting from Neon...
[store_027] Loaded 302 rows into Snowflake.
[store_034] Extracting from Neon...
[store_034] Loaded 423 rows into Snowflake.
[store_056] Extracting from Neon...
[store_056] Loaded 809 rows into Snowflake.
[store_061] Extracting from Neon...
[store_061] Loaded 194 rows into Snowflake.
[store_078] Extracting from Neon...
[store_078] Loaded 471 rows into Snowflake.
[store_091] Extracting from Neon...
[store_091] Loaded 811 rows into Snowflake.
[store_103] Extracting from Neon...
[store_103] Loaded 315 rows into Snowflake.
[store_115] Extracting from Neon...
[store_115] Loaded 479 rows into Snowflake.
[store_128] Extracting from Neon...
[store_128] Loaded 193 rows into Snowflake.
[store_134] Extracting from Neon...
[store_134] Loaded 310 rows into Snowflake.
[store_147] Extracting from Neon...
[store_147] Loaded 799 rows into Snowflake.
Extract complete.
[0m02:15:06  Running with dbt=1.11.11
[0m02:15:08  Registered adapter: snowflake=1.11.5
[0m02:15:08  Encountered an error:
Compilation Error
  dbt found 1 package(s) specified in packages.yml, but only 0 package(s) installed in dbt_packages. Run "dbt deps" to install package dependencies.
[SIMULATOR] Loading 15-min ML production targets from Snowflake...
[SIMULATOR] Loaded 190919 prescriptive targets for ML model.
[SIMULATOR] Loading hourly baseline production targets from Snowflake...
[SIMULATOR] Loaded 51032 prescriptive targets for baseline model.
[ML] Simulating store_012...
[ML] Simulating store_027...
[ML] Simulating store_034...
[ML] Simulating store_056...
[ML] Simulating store_061...
[ML] Simulating store_078...
[ML] Simulating store_091...
[ML] Simulating store_103...
[ML] Simulating store_115...
[ML] Simulating store_128...
[ML] Simulating store_134...
[ML] Simulating store_147...
[BASELINE] Simulating store_012...
[BASELINE] Simulating store_027...
[BASELINE] Simulating store_034...
[BASELINE] Simulating store_056...
[BASELINE] Simulating store_061...
[BASELINE] Simulating store_078...
[BASELINE] Simulating store_091...
[BASELINE] Simulating store_103...
[BASELINE] Simulating store_115...
[BASELINE] Simulating store_128...
[BASELINE] Simulating store_134...
[BASELINE] Simulating store_147...
Traceback (most recent call last):
  File "/home/ubuntu/kitchensync/scripts/run_daily_simulation.py", line 354, in <module>
    main()
  File "/home/ubuntu/kitchensync/scripts/run_daily_simulation.py", line 350, in main
    save_ab_results("data/ab_results.json", data)
  File "/home/ubuntu/kitchensync/scripts/run_daily_simulation.py", line 290, in save_ab_results
    with open(path, "w") as f:
         ^^^^^^^^^^^^^^^
FileNotFoundError: [Errno 2] No such file or directory: 'data/ab_results.json'
Connecting to Snowflake...
[store_012] Extracting from Neon...
[store_012] Loaded 84013 rows into Snowflake.
[store_027] Extracting from Neon...
[store_027] Loaded 29059 rows into Snowflake.
[store_034] Extracting from Neon...
[store_034] Loaded 47190 rows into Snowflake.
[store_056] Extracting from Neon...
[store_056] Loaded 84095 rows into Snowflake.
[store_061] Extracting from Neon...
[store_061] Loaded 17654 rows into Snowflake.
[store_078] Extracting from Neon...
[store_078] Loaded 45199 rows into Snowflake.
[store_091] Extracting from Neon...
[store_091] Loaded 84551 rows into Snowflake.
[store_103] Extracting from Neon...
[store_103] Loaded 28835 rows into Snowflake.
[store_115] Extracting from Neon...
[store_115] Loaded 46724 rows into Snowflake.
[store_128] Extracting from Neon...
[store_128] Loaded 17181 rows into Snowflake.
[store_134] Extracting from Neon...
[store_134] Loaded 29220 rows into Snowflake.
[store_147] Extracting from Neon...
[store_147] Loaded 29061 rows into Snowflake.
[store_012] Extracting from Neon...
[store_012] Loaded 18041 rows into Snowflake.
[store_027] Extracting from Neon...
[store_027] Loaded 14035 rows into Snowflake.
[store_034] Extracting from Neon...
[store_034] Loaded 18796 rows into Snowflake.
[store_056] Extracting from Neon...
[store_056] Loaded 17316 rows into Snowflake.
[store_061] Extracting from Neon...
[store_061] Loaded 14362 rows into Snowflake.
[store_078] Extracting from Neon...
[store_078] Loaded 13733 rows into Snowflake.
[store_091] Extracting from Neon...
[store_091] Loaded 16486 rows into Snowflake.
[store_103] Extracting from Neon...
[store_103] Loaded 14722 rows into Snowflake.
[store_115] Extracting from Neon...
[store_115] Loaded 18795 rows into Snowflake.
[store_128] Extracting from Neon...
[store_128] Loaded 14342 rows into Snowflake.
[store_134] Extracting from Neon...
[store_134] Loaded 14561 rows into Snowflake.
[store_147] Extracting from Neon...
[store_147] Loaded 17411 rows into Snowflake.
[store_012] Extracting from Neon...
[store_012] Loaded 5206 rows into Snowflake.
[store_027] Extracting from Neon...
[store_027] Loaded 1886 rows into Snowflake.
[store_034] Extracting from Neon...
[store_034] Loaded 3011 rows into Snowflake.
[store_056] Extracting from Neon...
[store_056] Loaded 5045 rows into Snowflake.
[store_061] Extracting from Neon...
[store_061] Loaded 1206 rows into Snowflake.
[store_078] Extracting from Neon...
[store_078] Loaded 2939 rows into Snowflake.
[store_091] Extracting from Neon...
[store_091] Loaded 5408 rows into Snowflake.
[store_103] Extracting from Neon...
[store_103] Loaded 5044 rows into Snowflake.
[store_115] Extracting from Neon...
[store_115] Loaded 2917 rows into Snowflake.
[store_128] Extracting from Neon...
[store_128] Loaded 1183 rows into Snowflake.
[store_134] Extracting from Neon...
[store_134] Loaded 1914 rows into Snowflake.
[store_147] Extracting from Neon...
[store_147] Loaded 5242 rows into Snowflake.
Extract complete.
[0m02:15:06  Running with dbt=1.11.11
[0m02:15:08  Registered adapter: snowflake=1.11.5
[0m02:15:09  Encountered an error:
Compilation Error
  dbt found 1 package(s) specified in packages.yml, but only 0 package(s) installed in dbt_packages. Run "dbt deps" to install package dependencies.
[SIMULATOR] Loading 15-min ML production targets from Snowflake...
[SIMULATOR] Loaded 190919 prescriptive targets for ML model.
[SIMULATOR] Loading hourly baseline production targets from Snowflake...
[SIMULATOR] Loaded 51113 prescriptive targets for baseline model.
[ML] Simulating store_012...
[ML] Simulating store_027...
[ML] Simulating store_034...
[ML] Simulating store_056...
[ML] Simulating store_061...
[ML] Simulating store_078...
[ML] Simulating store_091...
[ML] Simulating store_103...
[ML] Simulating store_115...
[ML] Simulating store_128...
[ML] Simulating store_134...
[ML] Simulating store_147...
[BASELINE] Simulating store_012...
[BASELINE] Simulating store_027...
[BASELINE] Simulating store_034...
[BASELINE] Simulating store_056...
[BASELINE] Simulating store_061...
[BASELINE] Simulating store_078...
[BASELINE] Simulating store_091...
[BASELINE] Simulating store_103...
[BASELINE] Simulating store_115...
[BASELINE] Simulating store_128...
[BASELINE] Simulating store_134...
[BASELINE] Simulating store_147...
Traceback (most recent call last):
  File "/home/ubuntu/kitchensync/scripts/run_daily_simulation.py", line 354, in <module>
    main()
  File "/home/ubuntu/kitchensync/scripts/run_daily_simulation.py", line 350, in main
    save_ab_results("data/ab_results.json", data)
  File "/home/ubuntu/kitchensync/scripts/run_daily_simulation.py", line 290, in save_ab_results
    with open(path, "w") as f:
         ^^^^^^^^^^^^^^^
FileNotFoundError: [Errno 2] No such file or directory: 'data/ab_results.json'
